C51 COMPILER V9.53.0.0   INITDEVICE                                                        03/27/2017 22:00:06 PAGE 1   


C51 COMPILER V9.53.0.0, COMPILATION OF MODULE INITDEVICE
OBJECT MODULE PLACED IN .\src/InitDevice.OBJ
COMPILER INVOKED BY: Z:\Applications\Simplicity Studio.app\Contents\Eclipse\developer\toolchains\keil_8051\9.53\BIN\C51.
                    -exe /Users/liaohu/SimplicityStudio/v4_workspace/EFM8BB31F64G-B-QFN32_2/src/InitDevice.c OMF2 SMALL DEBUG OBJECTEXTEND RO
                    -M(LARGE) WARNINGLEVEL(2) FLOATFUZZY(3) OPTIMIZE(8,SPEED) DEFINE(DEBUG=1) INTVECTOR(0X0000) INTPROMOTE INCDIR(/Users/liao
                    -hu/SimplicityStudio/v4_workspace/EFM8BB31F64G-B-QFN32_2/inc;/Applications/Simplicity Studio.app/Contents/Eclipse/develop
                    -er/sdks/8051/v4.0.3//Device/shared/si8051base;/Applications/Simplicity Studio.app/Contents/Eclipse/developer/sdks/8051/v
                    -4.0.3//Device/EFM8BB3/inc) PRINT(.\src/InitDevice.lst) COND PAGEWIDTH(120) PAGELENGTH(65) OBJECT(.\src/InitDevice.OBJ)

line level    source

   1          //=========================================================
   2          // src/InitDevice.c: generated by Hardware Configurator
   3          //
   4          // This file will be regenerated when saving a document.
   5          // leave the sections inside the "$[...]" comment tags alone
   6          // or they will be overwritten!!
   7          //=========================================================
   8          
   9          // USER INCLUDES
  10          #include <SI_EFM8BB3_Register_Enums.h>
  11          #include "InitDevice.h"
  12          
  13          // USER PROTOTYPES
  14          // USER FUNCTIONS
  15          
  16          // $[Library Includes]
  17          // [Library Includes]$
  18          
  19          //==============================================================================
  20          // enter_DefaultMode_from_RESET
  21          //==============================================================================
  22          extern void enter_DefaultMode_from_RESET(void) {
  23   1              // $[Config Calls]
  24   1              // Save the SFRPAGE
  25   1              uint8_t SFRPAGE_save = SFRPAGE;
  26   1              PORTS_0_enter_DefaultMode_from_RESET();
  27   1              PORTS_1_enter_DefaultMode_from_RESET();
  28   1              PORTS_2_enter_DefaultMode_from_RESET();
  29   1              PBCFG_0_enter_DefaultMode_from_RESET();
  30   1              // Restore the SFRPAGE
  31   1              SFRPAGE = SFRPAGE_save;
  32   1              // [Config Calls]$
  33   1      
  34   1      }
  35          
  36          extern void PORTS_2_enter_DefaultMode_from_RESET(void) {
  37   1              // $[P2 - Port 2 Pin Latch]
  38   1              // [P2 - Port 2 Pin Latch]$
  39   1      
  40   1              // $[P2MDOUT - Port 2 Output Mode]
  41   1              /***********************************************************************
  42   1               - P2.0 output is open-drain
  43   1               - P2.1 output is push-pull
  44   1               - P2.2 output is open-drain
  45   1               - P2.3 output is open-drain
  46   1               - P2.4 output is open-drain
  47   1               - P2.5 output is open-drain
  48   1               - P2.6 output is open-drain
  49   1               ***********************************************************************/
  50   1              P2MDOUT = P2MDOUT_B0__OPEN_DRAIN | P2MDOUT_B1__PUSH_PULL
  51   1                              | P2MDOUT_B2__OPEN_DRAIN | P2MDOUT_B3__OPEN_DRAIN
C51 COMPILER V9.53.0.0   INITDEVICE                                                        03/27/2017 22:00:06 PAGE 2   

  52   1                              | P2MDOUT_B4__OPEN_DRAIN | P2MDOUT_B5__OPEN_DRAIN
  53   1                              | P2MDOUT_B6__OPEN_DRAIN;
  54   1              // [P2MDOUT - Port 2 Output Mode]$
  55   1      
  56   1              // $[P2MDIN - Port 2 Input Mode]
  57   1              // [P2MDIN - Port 2 Input Mode]$
  58   1      
  59   1              // $[P2SKIP - Port 2 Skip]
  60   1              /***********************************************************************
  61   1               - P2.0 pin is not skipped by the crossbar
  62   1               - P2.1 pin is skipped by the crossbar
  63   1               - P2.2 pin is not skipped by the crossbar
  64   1               - P2.3 pin is not skipped by the crossbar
  65   1               ***********************************************************************/
  66   1              SFRPAGE = 0x20;
  67   1              P2SKIP = P2SKIP_B0__NOT_SKIPPED | P2SKIP_B1__SKIPPED
  68   1                              | P2SKIP_B2__NOT_SKIPPED | P2SKIP_B3__NOT_SKIPPED;
  69   1              // [P2SKIP - Port 2 Skip]$
  70   1      
  71   1              // $[P2MASK - Port 2 Mask]
  72   1              // [P2MASK - Port 2 Mask]$
  73   1      
  74   1              // $[P2MAT - Port 2 Match]
  75   1              // [P2MAT - Port 2 Match]$
  76   1      
  77   1      }
  78          
  79          extern void PBCFG_0_enter_DefaultMode_from_RESET(void) {
  80   1              // $[XBR2 - Port I/O Crossbar 2]
  81   1              // [XBR2 - Port I/O Crossbar 2]$
  82   1              XBR2 = XBR2_WEAKPUD__PULL_UPS_ENABLED | XBR2_XBARE__ENABLED
  83   1                                      | XBR2_URT1E__DISABLED | XBR2_URT1RTSE__DISABLED
  84   1                                      | XBR2_URT1CTSE__DISABLED;
  85   1              // $[PRTDRV - Port Drive Strength]
  86   1              // [PRTDRV - Port Drive Strength]$
  87   1      
  88   1              // $[XBR0 - Port I/O Crossbar 0]
  89   1              // [XBR0 - Port I/O Crossbar 0]$
  90   1      
  91   1              // $[XBR1 - Port I/O Crossbar 1]
  92   1              // [XBR1 - Port I/O Crossbar 1]$
  93   1      
  94   1      }
  95          
  96          extern void PORTS_0_enter_DefaultMode_from_RESET(void) {
  97   1              // $[P0 - Port 0 Pin Latch]
  98   1              // [P0 - Port 0 Pin Latch]$
  99   1      
 100   1              // $[P0MDOUT - Port 0 Output Mode]
 101   1              /***********************************************************************
 102   1               - P0.0 output is open-drain
 103   1               - P0.1 output is open-drain
 104   1               - P0.2 output is open-drain
 105   1               - P0.3 output is open-drain
 106   1               - P0.4 output is open-drain
 107   1               - P0.5 output is open-drain
 108   1               - P0.6 output is open-drain
 109   1               - P0.7 output is push-pull
 110   1               ***********************************************************************/
 111   1              SFRPAGE = 0x00;
 112   1              P0MDOUT = P0MDOUT_B0__OPEN_DRAIN | P0MDOUT_B1__OPEN_DRAIN
 113   1                              | P0MDOUT_B2__OPEN_DRAIN | P0MDOUT_B3__OPEN_DRAIN
 114   1                              | P0MDOUT_B4__OPEN_DRAIN | P0MDOUT_B5__OPEN_DRAIN
C51 COMPILER V9.53.0.0   INITDEVICE                                                        03/27/2017 22:00:06 PAGE 3   

 115   1                              | P0MDOUT_B6__OPEN_DRAIN | P0MDOUT_B7__PUSH_PULL;
 116   1              // [P0MDOUT - Port 0 Output Mode]$
 117   1      
 118   1              // $[P0MDIN - Port 0 Input Mode]
 119   1              // [P0MDIN - Port 0 Input Mode]$
 120   1      
 121   1              // $[P0SKIP - Port 0 Skip]
 122   1              /***********************************************************************
 123   1               - P0.0 pin is not skipped by the crossbar
 124   1               - P0.1 pin is not skipped by the crossbar
 125   1               - P0.2 pin is not skipped by the crossbar
 126   1               - P0.3 pin is not skipped by the crossbar
 127   1               - P0.4 pin is not skipped by the crossbar
 128   1               - P0.5 pin is not skipped by the crossbar
 129   1               - P0.6 pin is not skipped by the crossbar
 130   1               - P0.7 pin is skipped by the crossbar
 131   1               ***********************************************************************/
 132   1              P0SKIP = P0SKIP_B0__NOT_SKIPPED | P0SKIP_B1__NOT_SKIPPED
 133   1                              | P0SKIP_B2__NOT_SKIPPED | P0SKIP_B3__NOT_SKIPPED
 134   1                              | P0SKIP_B4__NOT_SKIPPED | P0SKIP_B5__NOT_SKIPPED
 135   1                              | P0SKIP_B6__NOT_SKIPPED | P0SKIP_B7__SKIPPED;
 136   1              // [P0SKIP - Port 0 Skip]$
 137   1      
 138   1              // $[P0MASK - Port 0 Mask]
 139   1              // [P0MASK - Port 0 Mask]$
 140   1      
 141   1              // $[P0MAT - Port 0 Match]
 142   1              // [P0MAT - Port 0 Match]$
 143   1      
 144   1      }
 145          
 146          extern void PORTS_1_enter_DefaultMode_from_RESET(void) {
 147   1              // $[P1 - Port 1 Pin Latch]
 148   1              // [P1 - Port 1 Pin Latch]$
 149   1      
 150   1              // $[P1MDOUT - Port 1 Output Mode]
 151   1              /***********************************************************************
 152   1               - P1.0 output is open-drain
 153   1               - P1.1 output is open-drain
 154   1               - P1.2 output is open-drain
 155   1               - P1.3 output is push-pull
 156   1               - P1.4 output is push-pull
 157   1               - P1.5 output is open-drain
 158   1               - P1.6 output is open-drain
 159   1               - P1.7 output is open-drain
 160   1               ***********************************************************************/
 161   1              P1MDOUT = P1MDOUT_B0__OPEN_DRAIN | P1MDOUT_B1__OPEN_DRAIN
 162   1                              | P1MDOUT_B2__OPEN_DRAIN | P1MDOUT_B3__PUSH_PULL
 163   1                              | P1MDOUT_B4__PUSH_PULL | P1MDOUT_B5__OPEN_DRAIN
 164   1                              | P1MDOUT_B6__OPEN_DRAIN | P1MDOUT_B7__OPEN_DRAIN;
 165   1              // [P1MDOUT - Port 1 Output Mode]$
 166   1      
 167   1              // $[P1MDIN - Port 1 Input Mode]
 168   1              // [P1MDIN - Port 1 Input Mode]$
 169   1      
 170   1              // $[P1SKIP - Port 1 Skip]
 171   1              /***********************************************************************
 172   1               - P1.0 pin is not skipped by the crossbar
 173   1               - P1.1 pin is not skipped by the crossbar
 174   1               - P1.2 pin is not skipped by the crossbar
 175   1               - P1.3 pin is skipped by the crossbar
 176   1               - P1.4 pin is skipped by the crossbar
 177   1               - P1.5 pin is not skipped by the crossbar
C51 COMPILER V9.53.0.0   INITDEVICE                                                        03/27/2017 22:00:06 PAGE 4   

 178   1               - P1.6 pin is not skipped by the crossbar
 179   1               - P1.7 pin is not skipped by the crossbar
 180   1               ***********************************************************************/
 181   1              P1SKIP = P1SKIP_B0__NOT_SKIPPED | P1SKIP_B1__NOT_SKIPPED
 182   1                              | P1SKIP_B2__NOT_SKIPPED | P1SKIP_B3__SKIPPED | P1SKIP_B4__SKIPPED
 183   1                              | P1SKIP_B5__NOT_SKIPPED | P1SKIP_B6__NOT_SKIPPED
 184   1                              | P1SKIP_B7__NOT_SKIPPED;
 185   1              // [P1SKIP - Port 1 Skip]$
 186   1      
 187   1              // $[P1MASK - Port 1 Mask]
 188   1              // [P1MASK - Port 1 Mask]$
 189   1      
 190   1              // $[P1MAT - Port 1 Match]
 191   1              // [P1MAT - Port 1 Match]$
 192   1      
 193   1      }
 194          


MODULE INFORMATION:   STATIC OVERLAYABLE
   CODE SIZE        =     50    ----
   CONSTANT SIZE    =   ----    ----
   XDATA SIZE       =   ----    ----
   PDATA SIZE       =   ----    ----
   DATA SIZE        =   ----       1
   IDATA SIZE       =   ----    ----
   BIT SIZE         =   ----    ----
   EDATA SIZE       =   ----    ----
   HDATA SIZE       =   ----    ----
   XDATA CONST SIZE =   ----    ----
   FAR CONST SIZE   =   ----    ----
END OF MODULE INFORMATION.


C51 COMPILATION COMPLETE.  0 WARNING(S),  0 ERROR(S)
